     1                                 %line 1+1 ast02mn.asm
     2                                 
     3                                 
     4                                 
     5                                 
     6                                 
     7                                 
     8                                 
     9                                 
    10                                 
    11                                 
    12                                 
    13                                 
    14                                 
    15                                 
    16                                 
    17                                 [section .data]
    18                                 
    19                                 
    20                                 
    21                                 
    22                                 NULL equ 0
    23                                 
    24                                 TRUE equ 1
    25                                 FALSE equ 0
    26                                 
    27                                 EXIT_SUCCESS equ 0
    28                                 
    29                                 SYS_exit equ 60
    30                                 
    31                                 
    32                                 
    33                                 
    34 00000000 1F                     bVar1 db 31
    35 00000001 0D                     bVar2 db 13
    36 00000002 00                     bAns1 db 0
    37 00000003 00                     bAns2 db 0
    38 00000004 540F                   wVar1 dw 3924
    39 00000006 9707                   wVar2 dw 1943
    40 00000008 0000                   wAns1 dw 0
    41 0000000A 0000                   wAns2 dw 0
    42 0000000C A9AC680A               dVar1 dd 174632105
    43 00000010 70227007               dVar2 dd 124789360
    44 00000014 5324FFFF               dVar3 dd -56237
    45 00000018 00000000               dAns1 dd 0
    46 0000001C 00000000               dAns2 dd 0
    47 00000020 000064C1               flt1 dd -14.25
    48 00000024 0000E440               flt2 dd 7.125
    49 00000028 DCCB1641               fourPi dd 9.42477
    50 0000002C D14E78AD1C000000       qVar1 dq 123169427153
    51 00000034 43532032313800         myClass db "CS 218", NULL
    52 0000003B 4564204A6F7267656E-    edName db "Ed Jorgensen", NULL
    53 0000003B 73656E00           
    54 00000048 47696F76616E6E6920-    myName db "Giovanni Mueco", NULL
    55 00000048 4D7565636F00       
    56                                 
    57                                 
    58                                 
    59                                 
    60                                 [section .text]
    61                                 [global _start]
    62                                 _start:
    63                                 
    64                                 
    65                                 
    66                                 
    67 00000000 8A0425[00000000]        mov al, byte [bVar1]
    68 00000007 020425[00000000]        add al, byte [bVar2]
    69 0000000E 880425[00000000]        mov byte [bAns1], al
    70                                 
    71                                 
    72                                 
    73                                 
    74 00000015 8A0425[00000000]        mov al, byte [bVar1]
    75 0000001C 2A0425[00000000]        sub al, byte [bVar2]
    76 00000023 880425[00000000]        mov byte [bAns2], al
    77                                 
    78                                 
    79                                 
    80                                 
    81                                 
    82 0000002A 668B0425[00000000]      mov ax, word [wVar1]
    83 00000032 66030425[00000000]      add ax, word [wVar2]
    84 0000003A 66890425[00000000]      mov word [wAns1], ax
    85                                 
    86                                 
    87                                 
    88                                 
    89 00000042 668B0425[00000000]      mov ax, word [wVar1]
    90 0000004A 662B0425[00000000]      sub ax, word [wVar2]
    91 00000052 66890425[00000000]      mov word [wAns2], ax
    92                                 
    93                                 
    94                                 
    95                                 
    96                                 
    97                                 
    98 0000005A 8B0425[00000000]        mov eax, dword [dVar1]
    99 00000061 030425[00000000]        add eax, dword [dVar2]
   100 00000068 890425[00000000]        mov dword [dAns1], eax
   101                                 
   102                                 
   103                                 
   104                                 
   105 0000006F 8B0425[00000000]        mov eax, dword [dVar1]
   106 00000076 2B0425[00000000]        sub eax, dword [dVar2]
   107 0000007D 890425[00000000]        mov dword [dAns2], eax
   108                                 
   109                                 
   110                                 
   111                                 
   112                                 
   113                                 
   114                                 last:
   115 00000084 48C7C03C000000          mov rax, SYS_exit
   116 0000008B 48C7C700000000          mov rdi, EXIT_SUCCESS
   117 00000092 0F05                    syscall
   118                                 
