     1                                 %line 1+1 ast05.asm
     2                                 
     3                                 
     4                                 
     5                                 
     6                                 
     7                                 
     8                                 
     9                                 
    10                                 
    11                                 [section .data]
    12                                 
    13                                 
    14                                 
    15                                 
    16                                 NULL equ 0
    17                                 
    18                                 TRUE equ 1
    19                                 FALSE equ 0
    20                                 
    21                                 EXIT_SUCCESS equ 0
    22                                 
    23                                 SYS_exit equ 60
    24                                 
    25                                 
    26                                 
    27                                 
    28 00000000 0A000E000D00250036-    sides dw 10, 14, 13, 37, 54
    29 00000000 00                 
    30 0000000A 0E001D004000430022-     dw 14, 29, 64, 67, 34
    31 0000000A 00                 
    32 00000014 1F000D0014003D0024-     dw 31, 13, 20, 61, 36
    33 00000014 00                 
    34 0000001E 0E0035002C0013002A-     dw 14, 53, 44, 19, 42
    35 0000001E 00                 
    36 00000028 2C0034001F002A0038-     dw 44, 52, 31, 42, 56
    37 00000028 00                 
    38 00000032 0F00180024004B002E-     dw 15, 24, 36, 75, 46
    39 00000032 00                 
    40 0000003C 1B00290035003E000A-     dw 27, 41, 53, 62, 10
    41 0000003C 00                 
    42 00000046 2100040049001F000F-     dw 33, 4, 73, 31, 15
    43 00000046 00                 
    44 00000050 05000B001600210046-     dw 5, 11, 22, 33, 70
    45 00000050 00                 
    46 0000005A 0F0017000F003F001A-     dw 15, 23, 15, 63, 26
    47 0000005A 00                 
    48 00000064 10000D004000350041-     dw 16, 13, 64, 53, 65
    49 00000064 00                 
    50 0000006E 1A000C003900430022-     dw 26, 12, 57, 67, 34
    51 0000006E 00                 
    52 00000078 180021000A003D000F-     dw 24, 33, 10, 61, 15
    53 00000078 00                 
    54 00000082 260049001D0011005D-     dw 38, 73, 29, 17, 93
    55 00000082 00                 
    56 0000008C 400049004A00170038-     dw 64, 73, 74, 23, 56
    57 0000008C 00                 
    58 00000096 0900080004000A000F-     dw 9, 8, 4, 10, 15
    59 00000096 00                 
    60 000000A0 0D0017003500430023-     dw 13, 23, 53, 67, 35
    61 000000A0 00                 
    62 000000AA 0E0022000D00470051-     dw 14, 34, 13, 71, 81
    63 000000AA 00                 
    64 000000B4 11000E001100190035-     dw 17, 14, 17, 25, 53
    65 000000B4 00                 
    66 000000BE 170049000F0006000D-     dw 23, 73, 15, 6, 13
    67 000000BE 00                 
    68                                 
    69 000000C8 64000000               length dd 100
    70                                 
    71 000000CC 0000                   caMin dw 0
    72 000000CE 0000                   caMid dw 0
    73 000000D0 0000                   caMax dw 0
    74 000000D2 00000000               caSum dd 0
    75 000000D6 0000                   caAve dw 0
    76                                 
    77 000000D8 00000000               cvMin dd 0
    78 000000DC 00000000               cvMid dd 0
    79 000000E0 00000000               cvMax dd 0
    80 000000E4 00000000               cvSum dd 0
    81 000000E8 00000000               cvAve dd 0
    82                                 
    83                                 
    84                                 
    85                                 
    86                                 
    87                                 
    88                                 
    89                                 
    90                                 [section .bss]
    91                                 
    92 00000000 <gap>                  cubeAreas resw 100
    93 000000C8 <gap>                  cubeVolumes resd 100
    94                                 
    95                                 
    96                                 
    97                                 
    98                                 [section .text]
    99                                 [global _start]
   100                                 _start:
   101                                 
   102                                 
   103                                 
   104                                 
   105                                 
   106                                 
   107 00000000 48C7C600000000          mov rsi, 0
   108 00000007 48C7C000000000          mov rax, 0
   109 0000000E 8B0C25[00000000]        mov ecx, dword [length]
   110                                 
   111                                 
   112 00000015 49C7C2[00000000]        mov r10, sides
   113 0000001C 49C7C3[00000000]        mov r11, cubeVolumes
   114 00000023 49C7C5[00000000]        mov r13, cubeAreas
   115 0000002A 49C7C606000000          mov r14, 6
   116                                 
   117                                 volsLp:
   118 00000031 410FB702                movzx eax, word [r10]
   119                                 
   120 00000035 89C3                    mov ebx, eax
   121 00000037 F7E0                    mul eax
   122 00000039 41F7E6                  mul r14d
   123 0000003C 6641894500              mov word [r13], ax
   124 00000041 48C7C200000000          mov rdx, 0
   125 00000048 41F7F6                  div r14d
   126 0000004B F7E3                    mul ebx
   127 0000004D 418903                  mov dword [r11], eax
   128 00000050 4983C202                add r10, 2
   129 00000054 4983C304                add r11, 4
   130 00000058 4983C502                add r13, 2
   131 0000005C E2D1                    loop volsLp
   132                                 
   133                                 
   134 0000005E 8B0425[00000000]        mov eax, dword [cubeVolumes]
   135 00000065 890425[00000000]        mov dword [cvMin], eax
   136 0000006C 890425[00000000]        mov dword [cvMax], eax
   137 00000073 C70425[00000000]00-     mov dword [cvSum], 0
   138 00000073 000000             
   139                                 
   140 0000007E 49C7C4[00000000]        mov r12, cubeVolumes
   141                                 
   142                                 
   143 00000085 48C7C100000000          mov rcx, 0
   144 0000008C 8B0C25[00000000]        mov ecx, dword [length]
   145                                 
   146                                 volStatsLp:
   147 00000093 418B0424                mov eax, dword [r12]
   148 00000097 010425[00000000]        add dword[cvSum], eax
   149 0000009E 3B0425[00000000]        cmp eax, dword [cvMax]
   150 000000A5 7605                    jbe maxDone
   151 000000A7 890425[00000000]        mov dword [cvMax], eax
   152                                 
   153                                 maxDone:
   154 000000AE 3B0425[00000000]        cmp eax, dword [cvMin]
   155 000000B5 7305                    jae minDone
   156 000000B7 890425[00000000]        mov dword [cvMin], eax
   157                                 
   158                                 minDone:
   159 000000BE 4983C404                add r12, 4
   160 000000C2 48FFC9                  dec rcx
   161 000000C5 4883F900                cmp rcx, 0
   162 000000C9 75C6                    jne volStatsLp
   163                                 
   164                                 
   165 000000CB 48C7C000000000          mov rax, 0
   166 000000D2 668B0425[00000000]      mov ax, word [cubeAreas]
   167 000000DA 66890425[00000000]      mov word [caMin], ax
   168 000000E2 66890425[00000000]      mov word [caMax], ax
   169 000000EA C70425[00000000]00-     mov dword [caSum], 0
   170 000000EA 000000             
   171                                 
   172 000000F5 49C7C4[00000000]        mov r12, cubeAreas
   173                                 
   174                                 
   175 000000FC 48C7C100000000          mov rcx, 0
   176 00000103 8B0C25[00000000]        mov ecx, dword [length]
   177                                 
   178                                 areaStatsLp:
   179 0000010A 66418B0424              mov ax, word [r12]
   180 0000010F 010425[00000000]        add dword[caSum], eax
   181 00000116 663B0425[00000000]      cmp ax, word [caMax]
   182 0000011E 7606                    jbe amaxDone
   183 00000120 66890425[00000000]      mov word [caMax], ax
   184                                 
   185                                 amaxDone:
   186 00000128 663B0425[00000000]      cmp ax, word [caMin]
   187 00000130 7306                    jae aminDone
   188 00000132 66890425[00000000]      mov word [caMin], ax
   189                                 
   190                                 aminDone:
   191 0000013A 4983C402                add r12, 2
   192 0000013E 48FFC9                  dec rcx
   193 00000141 4883F900                cmp rcx, 0
   194 00000145 75C1                    jne areaStatsLp
   195                                 
   196                                 
   197 00000147 8B0425[00000000]        mov eax, dword [caSum]
   198 0000014E BA00000000              mov edx, 0
   199 00000153 F73425[00000000]        div dword [length]
   200 0000015A 66890425[00000000]      mov word [caAve], ax
   201                                 
   202                                 
   203 00000162 8B0425[00000000]        mov eax, dword [cvSum]
   204 00000169 BA00000000              mov edx, 0
   205 0000016E F73425[00000000]        div dword [length]
   206 00000175 890425[00000000]        mov dword [cvAve], eax
   207                                 
   208                                 
   209                                 
   210 0000017C 49C7C002000000          mov r8, 2
   211 00000183 48C7C200000000          mov rdx, 0
   212 0000018A 8B0425[00000000]        mov eax, dword [length]
   213 00000191 41F7F0                  div r8d
   214                                 
   215 00000194 4883FA00                cmp rdx, 0
   216 00000198 7550                    jne oddLen
   217                                 
   218                                 
   219 0000019A 67448B0C85[00000000]      mov r9d, dword [cubeVolumes+eax*4]
   220 000001A3 67668B9C00[00000000]      mov bx, word [cubeAreas+eax*2]
   221 000001AC FFC8                    dec eax
   222 000001AE 6744030C85[00000000]      add r9d, dword [cubeVolumes+eax*4]
   223 000001B7 6766039C00[00000000]      add bx, word [cubeAreas+eax*2]
   224 000001C0 4489C8                  mov eax, r9d
   225 000001C3 48C7C200000000          mov rdx, 0
   226 000001CA 41F7F0                  div r8d
   227 000001CD 890425[00000000]        mov dword [cvMid], eax
   228 000001D4 6689D8                  mov ax, bx
   229 000001D7 48C7C200000000          mov rdx, 0
   230 000001DE 6641F7F0                div r8w
   231 000001E2 66890425[00000000]      mov word [caMid], ax
   232 000001EA EB22                    jmp midDone
   233                                 
   234                                 oddLen:
   235 000001EC FFC0                    inc eax
   236 000001EE 67448B0C85[00000000]      mov r9d, dword [cubeVolumes+eax*4]
   237 000001F7 44890C25[00000000]      mov dword [cvMid], r9d
   238 000001FF 67668B9C00[00000000]      mov bx, word [cubeAreas+eax*2]
   239 00000208 66891C25[00000000]      mov word [caMid], bx
   240                                 
   241                                 midDone:
   242                                 
   243                                 
   244                                 
   245                                 
   246                                 
   247                                 
   248                                 
   249                                 
   250                                 
   251                                 
   252                                 
   253                                 
   254                                 
   255                                 
   256                                 
   257                                 
   258                                 
   259                                 
   260                                 
   261                                 
   262                                 
   263                                 
   264                                 
   265                                 
   266                                 
   267                                 
   268                                 
   269                                 
   270                                 
   271                                 
   272                                 
   273                                 last:
   274 00000210 48C7C03C000000          mov rax, SYS_exit
   275 00000217 48C7C700000000          mov rdi, EXIT_SUCCESS
   276 0000021E 0F05                    syscall
