     1                                 %line 1+1 ast01.asm
     2                                 
     3                                 
     4                                 
     5                                 
     6                                 
     7                                 
     8                                 
     9                                 
    10                                 
    11                                 
    12                                 [section .data]
    13                                 
    14                                 
    15                                 
    16                                 
    17                                 TRUE equ 1
    18                                 FALSE equ 0
    19                                 
    20                                 EXIT_SUCCESS equ 0
    21                                 SYS_exit equ 60
    22                                 
    23                                 
    24                                 
    25                                 
    26 00000000 11                      num1 db 17
    27 00000001 09                      num2 db 9
    28                                 
    29 00000002 00                      res1 db 0
    30 00000003 00                      res2 db 0
    31 00000004 0000                    res3 dw 0
    32 00000006 00                      res4 db 0
    33 00000007 00                      rem4 db 0
    34                                 
    35                                 
    36                                 
    37                                 
    38 00000008 8B13                    num3 dw 5003
    39 0000000A 0700                    num4 dw 7
    40                                 
    41 0000000C 0000                    res5 dw 0
    42 0000000E 0000                    res6 dw 0
    43 00000010 00000000                res7 dd 0
    44 00000014 0000                    res8 dw 0
    45 00000016 0000                    rem8 dw 0
    46                                 
    47                                 
    48                                 
    49                                 
    50 00000018 A7860100                num5 dd 100007
    51 0000001C DD050000                num6 dd 1501
    52                                 
    53 00000020 00000000                res9 dd 0
    54 00000024 00000000                res10 dd 0
    55 00000028 0000000000000000        res11 dq 0
    56 00000030 00000000                res12 dd 0
    57 00000034 00000000                rem12 dd 0
    58                                 
    59                                 
    60                                 
    61                                 
    62 00000038 2A54BC0000000000        num7 dq 12342314
    63 00000040 CD38000000000000        num8 dq 14541
    64                                 
    65 00000048 0000000000000000        res13 dq 0
    66 00000050 0000000000000000        res14 dq 0
    67 00000058 000000000000000000-     res15 ddq 0
    68 00000058 00000000000000     
    69 00000068 0000000000000000        res16 dq 0
    70 00000070 0000000000000000        rem16 dq 0
    71                                 
    72                                 
    73                                 
    74                                 
    75                                 
    76                                 [section .text]
    77                                 [global _start]
    78                                 _start:
    79                                 
    80                                 
    81                                 
    82                                 
    83                                 
    84 00000000 8A0425[00000000]        mov al, byte [num1]
    85 00000007 020425[00000000]        add al, byte [num2]
    86 0000000E 880425[00000000]        mov byte [res1], al
    87                                 
    88                                 
    89 00000015 8A0425[00000000]        mov al, byte [num1]
    90 0000001C 2A0425[00000000]        sub al, byte [num2]
    91 00000023 880425[00000000]        mov byte [res2], al
    92                                 
    93                                 
    94 0000002A 8A0425[00000000]        mov al, byte [num1]
    95 00000031 F62C25[00000000]        imul byte [num2]
    96 00000038 66890425[00000000]      mov word [res3], ax
    97                                 
    98                                 
    99                                 
   100 00000040 8A0425[00000000]        mov al, byte [num1]
   101 00000047 6698                    cbw
   102 00000049 F63C25[00000000]        idiv byte [num2]
   103 00000050 880425[00000000]        mov byte [res4], al
   104 00000057 882425[00000000]        mov byte [rem4], ah
   105                                 
   106                                 
   107                                 
   108                                 
   109                                 
   110 0000005E 668B0425[00000000]      mov ax, word [num3]
   111 00000066 66030425[00000000]      add ax, word [num4]
   112 0000006E 66890425[00000000]      mov word [res5], ax
   113                                 
   114                                 
   115 00000076 668B0425[00000000]      mov ax, word [num3]
   116 0000007E 662B0425[00000000]      sub ax, word [num4]
   117 00000086 66890425[00000000]      mov word [res6], ax
   118                                 
   119                                 
   120 0000008E 668B0425[00000000]      mov ax, word [num3]
   121 00000096 66F72C25[00000000]      imul word [num4]
   122 0000009E 890425[00000000]        mov dword [res7], eax
   123                                 
   124                                 
   125                                 
   126 000000A5 668B0425[00000000]      mov ax, word [num3]
   127 000000AD 6699                    cwd
   128 000000AF 66F73C25[00000000]      idiv word [num4]
   129 000000B7 66890425[00000000]      mov word [res8], ax
   130 000000BF 66891425[00000000]      mov word [rem8], dx
   131                                 
   132                                 
   133                                 
   134                                 
   135                                 
   136 000000C7 8B0425[00000000]        mov eax, dword [num5]
   137 000000CE 030425[00000000]        add eax, dword [num6]
   138 000000D5 890425[00000000]        mov dword [res9], eax
   139                                 
   140                                 
   141 000000DC 8B0425[00000000]        mov eax, dword [num5]
   142 000000E3 2B0425[00000000]        sub eax, dword [num6]
   143 000000EA 890425[00000000]        mov dword [res10], eax
   144                                 
   145                                 
   146 000000F1 8B0425[00000000]        mov eax, dword [num5]
   147 000000F8 F72C25[00000000]        imul dword [num6]
   148 000000FF 890425[00000000]        mov dword [res11], eax
   149 00000106 891425[04000000]        mov dword [res11+4], edx
   150                                 
   151                                 
   152                                 
   153 0000010D 8B0425[00000000]        mov eax, dword [num5]
   154 00000114 99                      cdq
   155 00000115 F73C25[00000000]        idiv dword [num6]
   156 0000011C 890425[00000000]        mov dword [res12], eax
   157 00000123 891425[00000000]        mov dword [rem12], edx
   158                                 
   159                                 
   160                                 
   161                                 
   162                                 
   163 0000012A 488B0425[00000000]      mov rax, qword [num7]
   164 00000132 48030425[00000000]      add rax, qword [num8]
   165 0000013A 48890425[00000000]      mov qword [res13], rax
   166                                 
   167                                 
   168 00000142 488B0425[00000000]      mov rax, qword [num7]
   169 0000014A 482B0425[00000000]      sub rax, qword [num8]
   170 00000152 48890425[00000000]      mov qword [res14], rax
   171                                 
   172                                 
   173 0000015A 488B0425[00000000]      mov rax, qword [num7]
   174 00000162 48F72C25[00000000]      imul qword [num8]
   175 0000016A 48890425[00000000]      mov qword [res15], rax
   176 00000172 48891425[08000000]      mov qword [res15+8], rdx
   177                                 
   178                                 
   179                                 
   180 0000017A 488B0425[00000000]      mov rax, qword [num7]
   181 00000182 4899                    cqo
   182 00000184 48F73C25[00000000]      idiv qword [num8]
   183 0000018C 48890425[00000000]      mov [res16], rax
   184 00000194 48891425[00000000]      mov [rem16], rdx
   185                                 
   186                                 
   187                                 
   188                                 
   189                                 last:
   190 0000019C 48C7C03C000000          mov rax, SYS_exit
   191 000001A3 48C7C700000000          mov rdi, EXIT_SUCCESS
   192 000001AA 0F05                    syscall
   193                                 
