     1                                 %line 1+1 ast07.asm
     2                                 
     3                                 
     4                                 
     5                                 
     6                                 
     7                                 
     8                                 
     9                                 
    10                                 
    11                                 
    12                                 
    13                                 
    14                                 
    15                                 
    16                                 
    17                                 
    18                                 
    19                                 
    20                                 
    21                                 
    22                                 
    23                                 
    24                                 
    25                                 
    26                                 
    27                                 
    28                                 
    29                                 
    30                                 
    31                                 
    32                                 
    33                                 
    34                                 %line 95+1 ast07.asm
    35                                 
    36                                 
    37                                 
    38                                 
    39                                 
    40                                 
    41                                 
    42                                 
    43                                 
    44                                 
    45                                 
    46                                 
    47                                 
    48                                 %line 136+1 ast07.asm
    49                                 
    50                                 
    51                                 
    52                                 [section .data]
    53                                 
    54                                 
    55                                 
    56                                 
    57                                 TRUE equ 1
    58                                 FALSE equ 0
    59                                 
    60                                 EXIT_SUCCESS equ 0
    61                                 
    62                                 STDIN equ 0
    63                                 STDOUT equ 1
    64                                 STDERR equ 2
    65                                 
    66                                 SYS_read equ 0
    67                                 SYS_write equ 1
    68                                 SYS_open equ 2
    69                                 SYS_close equ 3
    70                                 SYS_fork equ 57
    71                                 SYS_exit equ 60
    72                                 SYS_creat equ 85
    73                                 SYS_time equ 201
    74                                 
    75                                 LF equ 10
    76                                 NULL equ 0
    77                                 ESC equ 27
    78                                 
    79                                 
    80                                 
    81                                 
    82                                 MAX_STR_SIZE equ 16
    83                                 
    84                                 
    85                                 
    86                                 
    87 00000000 0A00                   newLine db LF, NULL
    88                                 
    89 00000002 0A2A2A2A2A2A2A2A2A-    hdr db LF, "**********************************"
    90 00000002 2A2A2A2A2A2A2A2A2A-
    91 00000002 2A2A2A2A2A2A2A2A2A-
    92 00000002 2A2A2A2A2A2A2A2A   
    93 00000025 0A435320323138202D-     db LF, "CS 218 - Assignment #7", LF
    94 00000025 2041737369676E6D65-
    95 00000025 6E742023370A       
    96 0000003D 0A4C69737420537461-     db LF, "List Statistics:"
    97 0000003D 746973746963733A   
    98 0000004E 0A0A00                  db LF, LF, NULL
    99                                 
   100 00000051 4C697374204D696E69-    lstMin db "List Minimum: ", NULL
   101 00000051 6D756D3A2000       
   102 00000060 4C697374204D656469-    lstMed db "List Median:  ", NULL
   103 00000060 616E3A202000       
   104 0000006F 4C697374204D617869-    lstMax db "List Maximum: ", NULL
   105 0000006F 6D756D3A2000       
   106 0000007E 4C6973742053756D3A-    lstSum db "List Sum:     ", NULL
   107 0000007E 202020202000       
   108 0000008D 4C6973742041766572-    lstAve db "List Average: ", NULL
   109 0000008D 6167653A2000       
   110                                 
   111                                 
   112                                 
   113                                 
   114 0000009C 5904000030FBFFFF62-    lst dd 1113, -1232, 2146, 1376, 5120
   115 0000009C 080000600500000014-
   116 0000009C 0000               
   117 000000B0 340900005C0C0000D5-     dd 2356, 3164, 4565, 3155, 3157
   118 000000B0 110000530C0000550C-
   119 000000B0 0000               
   120 000000C4 671A0000B6180000AB-     dd 6759, 6326, 171, 147, -5628
   121 000000C4 0000009300000004EA-
   122 000000C4 FFFF               
   123 000000D8 671D0000911D000099-     dd 7527, 7569, 1177, 6785, 3514
   124 000000D8 040000811A0000BA0D-
   125 000000D8 0000               
   126 000000EC 17FCFFFF800000006D-     dd -1001, 128, 1133, 1105, -3327
   127 000000EC 0400005104000001F3-
   128 000000EC FFFF               
   129 00000100 650000007300000054-     dd 101, 115, 1108, 2233, -2115
   130 00000100 040000B9080000BDF7-
   131 00000100 FFFF               
   132 00000114 CB040000CA04000009-     dd 1227, 1226, 5129, 117, 107
   133 00000114 140000750000006B00-
   134 00000114 0000               
   135 00000128 690000006D000000C2-     dd 105, 109, 1730, -1150, 3414
   136 00000128 06000082FBFFFF560D-
   137 00000128 0000               
   138 0000013C 53040000D7170000DD-     dd 1107, 6103, 1245, 6440, 1465
   139 0000013C 04000028190000B905-
   140 0000013C 0000               
   141 00000150 07090000FE000000B0-     dd 2311, 254, 4528, 1913, 6722
   142 00000150 11000079070000421A-
   143 00000150 0000               
   144 00000164 83FBFFFF4E08000027-     dd -1149, 2126, 5671, 4647, 4628
   145 00000164 160000271200001412-
   146 00000164 0000               
   147 00000178 B9FEFFFFAAF6FFFF99-     dd -327, -2390, 1177, 8275, 5614
   148 00000178 04000053200000EE15-
   149 00000178 0000               
   150 0000018C 310C00009F01000099-     dd 3121, 415, -615, 122, 7217
   151 0000018C FDFFFF7A000000311C-
   152 0000018C 0000               
   153 000001A0 010000009A01000097-     dd 1, 410, -1129, -812, 2134
   154 000001A0 FBFFFFD4FCFFFF5608-
   155 000001A0 0000               
   156 000001B4 3BFBFFFF46F7FFFF07-     dd -1221, -2234, 6151, 432, 114
   157 000001B4 180000B00100007200-
   158 000001B4 0000               
   159 000001C8 5D060000720000000A-     dd 1629, 114, 522, 2413, 131
   160 000001C8 0200006D0900008300-
   161 000001C8 0000               
   162 000001DC 071600007E0000008A-     dd 5639, 126, 1162, 441, 127
   163 000001DC 040000B90100007F00-
   164 000001DC 0000               
   165 000001F0 93FCFFFFC70000002F-     dd -877, 199, 5679, -1101, 3414
   166 000001F0 160000B3FBFFFF560D-
   167 000001F0 0000               
   168 00000204 CBF7FFFF850000006D-     dd -2101, 133, 1133, 2450, 4532
   169 00000204 04000092090000B411-
   170 00000204 0000               
   171 00000218 AB2100007300000052-     dd 8619, 115, 1618, 1113, -115
   172 00000218 060000590400008DFF-
   173 00000218 FFFF               
   174 0000022C C30400002C0C00009C-     dd 1219, 3116, -612, 217, 127
   175 0000022C FDFFFFD90000007F00-
   176 0000022C 0000               
   177 00000240 831A0000D9110000A7-     dd 6787, 4569, 679, -5675, 4314
   178 00000240 020000D5E9FFFFDA10-
   179 00000240 0000               
   180 00000254 50040000A91A0000A0-     dd 1104, 6825, 1184, 2143, 1176
   181 00000254 0400005F0800009804-
   182 00000254 0000               
   183 00000268 86000000EEEDFFFF64-     dd 134, -4626, 100, 4566, 2346
   184 00000268 000000D61100002A09-
   185 00000268 0000               
   186 0000027C BE040000821A000051-     dd 1214, 6786, 1617, 183, -3512
   187 0000027C 060000B700000048F2-
   188 0000027C FFFF               
   189 00000290 C91E000080DFFFFF8B-     dd 7881, -8320, 3467, 4559, -1190
   190 00000290 0D0000CF1100005AFB-
   191 00000290 FFFF               
   192 000002A4 67000000700000007A-     dd 103, 112, 1146, 2186, 191
   193 000002A4 0400008A080000BF00-
   194 000002A4 0000               
   195 000002B8 BA0000008600000065-     dd 186, 134, 1125, -5675, 3476
   196 000002B8 040000D5E9FFFF940D-
   197 000002B8 0000               
   198 000002CC 590800004108000091-     dd 2137, 2113, -1647, 114, 115
   199 000002CC F9FFFF720000007300-
   200 000002CC 0000               
   201 000002E0 55E6FFFF38E2FFFF80-     dd -6571, -7624, 128, 113, 3112
   202 000002E0 00000071000000280C-
   203 000002E0 0000               
   204 000002F4 BC060000AC180000C1-     dd 1724, 6316, 1217, 2183, -4352
   205 000002F4 0400008708000000EF-
   206 000002F4 FFFF               
   207 00000308 7900000040010000BC-     dd 121, 320, 4540, 5679, -1190
   208 00000308 1100002F1600005AFB-
   209 00000308 FFFF               
   210 0000031C 5BDCFFFF7400000062-     dd -9125, 116, 1122, 117, 127
   211 0000031C 040000750000007F00-
   212 0000031C 0000               
   213 00000330 2D160000650000008F-     dd 5677, 101, 3727, -1125, 3184
   214 00000330 0E00009BFBFFFF700C-
   215 00000330 0000               
   216 00000344 69070000E6180000A6-     dd 1897, 6374, 1190, 0, 1224
   217 00000344 04000000000000C804-
   218 00000344 0000               
   219 00000358 7D00000074000000BE-     dd 125, 116, 8126, 6784, -2329
   220 00000358 1F0000801A0000E7F6-
   221 00000358 FFFF               
   222 0000036C 500400007C00000058-     dd 1104, 124, 1112, 143, 176
   223 0000036C 0400008F000000B000-
   224 0000036C 0000               
   225 00000380 6E1D00004E080000E0-     dd 7534, 2126, 6112, 156, 1103
   226 00000380 1700009C0000004F04-
   227 00000380 0000               
   228 00000394 81040000AC00000086-     dd 1153, 172, -1146, 2176, 170
   229 00000394 FBFFFF80080000AA00-
   230 00000394 0000               
   231 000003A8 9C000000A4000000A5-     dd 156, 164, 165, -155, 5156
   232 000003A8 00000065FFFFFF2414-
   233 000003A8 0000               
   234 000003BC 7E030000B5180000A0-     dd 894, 6325, 1184, 143, 276
   235 000003BC 0400008F0000001401-
   236 000003BC 0000               
   237 000003D0 02160000661D000055-     dd 5634, 7526, 3413, 7686, 7563
   238 000003D0 0D0000061E00008B1D-
   239 000003D0 0000               
   240 000003E4 FF01000011E7FFFF6D-     dd 511, -6383, 1133, 2150, -825
   241 000003E4 04000066080000C7FC-
   242 000003E4 FFFF               
   243 000003F8 59160000EF150000D8-     dd 5721, 5615, 4568, 7813, 1231
   244 000003F8 110000851E0000CF04-
   245 000003F8 0000               
   246 0000040C A90000009200000076-     dd 169, 146, -1162, 147, 157
   247 0000040C FBFFFF930000009D00-
   248 0000040C 0000               
   249 00000420 A7000000A9000000B1-     dd 167, 169, 177, 175, 2144
   250 00000420 000000AF0000006008-
   251 00000420 0000               
   252 00000434 97150000400500006A-     dd 5527, 1344, 1130, 2172, 224
   253 00000434 0400007C080000E000-
   254 00000434 0000               
   255 00000448 651D0000F01500001E-     dd 7525, 5616, 5662, 6328, 2342
   256 00000448 160000B81800002609-
   257 00000448 0000               
   258 0000045C B50000009B00000079-     dd 181, 155, 1145, 132, 167
   259 0000045C 04000084000000A700-
   260 0000045C 0000               
   261 00000470 B90000009600000095-     dd 185, 150, 149, 182, 1434
   262 00000470 000000B60000009A05-
   263 00000470 0000               
   264 00000484 B5190000290E0000AB-     dd 6581, 3625, 6315, 1, -617
   265 00000484 1800000100000097FD-
   266 00000484 FFFF               
   267 00000498 AF1E0000511A000081-     dd 7855, 6737, 129, 4512, 1134
   268 00000498 000000A01100006E04-
   269 00000498 0000               
   270 000004AC B1000000A400000088-     dd 177, 164, 1160, 1172, 184
   271 000004AC 04000094040000B800-
   272 000004AC 0000               
   273 000004C0 AF000000A60000006A-     dd 175, 166, 6762, 158, 4572
   274 000004C0 1A00009E000000DC11-
   275 000004C0 0000               
   276 000004D4 A1190000030500006D-     dd 6561, 1283, 1133, 1150, 135
   277 000004D4 0400007E0400008700-
   278 000004D4 0000               
   279 000004E8 FF15000007E0FFFFB2-     dd 5631, -8185, 178, -1197, 1185
   280 000004E8 00000053FBFFFFA104-
   281 000004E8 0000               
   282 000004FC 11160000DE1800008A-     dd 5649, 6366, 1162, 1167, 167
   283 000004FC 0400008F040000A700-
   284 000004FC 0000               
   285 00000510 67FBFFFFA900000099-     dd -1177, 169, 1177, 175, 1169
   286 00000510 040000AF0000009104-
   287 00000510 0000               
   288 00000524 34160000830800005D-     dd 5684, 2179, 1117, 3183, 190
   289 00000524 0400006F0C0000BE00-
   290 00000524 0000               
   291 00000538 4C040000FDEDFFFF63-     dd 1100, -4611, 1123, 3122, -131
   292 00000538 040000320C00007DFF-
   293 00000538 FFFF               
   294                                 
   295 0000054C 2C010000               len dd 300
   296                                 
   297 00000550 00000000               min dd 0
   298 00000554 00000000               med dd 0
   299 00000558 00000000               max dd 0
   300 0000055C 00000000               sum dd 0
   301 00000560 00000000               avg dd 0
   302                                 
   303                                 
   304                                 
   305                                 
   306                                 
   307 00000564 01                     swapped db TRUE
   308                                 
   309 00000565 03000000               weight dd 3
   310 00000569 02000000               dtwo dd 2
   311                                 
   312                                 
   313                                 
   314                                 [section .bss]
   315 00000000 <gap>                  tempString resb MAX_STR_SIZE
   316                                 
   317                                 
   318                                 
   319                                 
   320                                 [section .text]
   321                                 [global _start]
   322                                 _start:
   323                                 
   324                                 
   325                                 
   326                                 
   327                                 
   328 00000000 49C7C200000000          mov r10, 0
   329 00000007 448B1425[00000000]      mov r10d, dword [len]
   330 0000000F 49C7C400000000          mov r12, 0
   331                                 outerLp:
   332 00000016 4D39E2                  cmp r10, r12
   333 00000019 7453                    je outerLpEnd
   334                                 
   335 0000001B C60425[00000000]00      mov byte [swapped], FALSE
   336 00000023 48C7C100000000          mov rcx, 0
   337 0000002A 4D89D5                  mov r13, r10
   338 0000002D 49FFCD                  dec r13
   339                                 innerLp:
   340 00000030 4C39E9                  cmp rcx, r13
   341 00000033 7434                    je innerLpEnd
   342 00000035 8B048D[00000000]        mov eax, dword [lst+rcx*4]
   343 0000003C 4889CE                  mov rsi, rcx
   344 0000003F 48FFC6                  inc rsi
   345 00000042 8B1CB5[00000000]        mov ebx, dword [lst+rsi*4]
   346 00000049 39D8                    cmp eax, ebx
   347 0000004B 7E17                    jle skipSwap
   348 0000004D 891C8D[00000000]        mov dword [lst+rcx*4], ebx
   349 00000054 8904B5[00000000]        mov dword [lst+rsi*4], eax
   350 0000005B C70425[00000000]01-     mov dword [swapped], TRUE
   351 0000005B 000000             
   352                                 skipSwap:
   353 00000066 48FFC1                  inc rcx
   354 00000069 EBC3                    jmp innerLp
   355                                 innerLpEnd:
   356 0000006B 49FFCA                  dec r10
   357 0000006E EBA4                    jmp outerLp
   358                                 outerLpEnd:
   359                                 
   360                                 
   361                                 
   362                                 
   363 00000070 8B0425[00000000]        mov eax, dword [lst]
   364 00000077 890425[00000000]        mov dword [min], eax
   365 0000007E 890425[00000000]        mov dword [max], eax
   366 00000085 C70425[00000000]00-     mov dword [sum], 0
   367 00000085 000000             
   368 00000090 48C7C3[00000000]        mov rbx, lst
   369 00000097 48C7C100000000          mov rcx, 0
   370 0000009E 8B0C25[00000000]        mov ecx, dword [len]
   371                                 
   372                                 calcLp:
   373 000000A5 8B03                    mov eax, dword [rbx]
   374 000000A7 010425[00000000]        add dword [sum], eax
   375 000000AE 3B0425[00000000]        cmp eax, dword [min]
   376 000000B5 7D05                    jge minDone
   377 000000B7 890425[00000000]        mov dword[min], eax
   378                                 
   379                                 minDone:
   380 000000BE 3B0425[00000000]        cmp eax, dword [max]
   381 000000C5 7E05                    jle maxDone
   382 000000C7 890425[00000000]        mov dword [max], eax
   383                                 
   384                                 maxDone:
   385                                 
   386 000000CE 4883C304                add rbx, 4
   387 000000D2 48FFC9                  dec rcx
   388 000000D5 4883F900                cmp rcx, 0
   389 000000D9 75C8                    jne calcLp
   390                                 
   391                                 
   392 000000DB 8B0425[00000000]        mov eax, dword [sum]
   393 000000E2 99                      cdq
   394 000000E3 F73C25[00000000]        idiv dword [len]
   395 000000EA 890425[00000000]        mov dword [avg], eax
   396                                 
   397                                 
   398 000000F1 49C7C002000000          mov r8, 2
   399 000000F8 48C7C200000000          mov rdx, 0
   400 000000FF 8B0425[00000000]        mov eax, dword [len]
   401 00000106 41F7F0                  div r8d
   402                                 
   403 00000109 4883FA00                cmp rdx, 0
   404 0000010D 7522                    jne oddLen
   405                                 
   406                                 
   407 0000010F 67448B0C85[00000000]      mov r9d, dword [lst+eax*4]
   408 00000118 FFC8                    dec eax
   409 0000011A 6744030C85[00000000]      add r9d, dword [lst+eax*4]
   410 00000123 4489C8                  mov eax, r9d
   411 00000126 99                      cdq
   412 00000127 41F7F8                  idiv r8d
   413 0000012A 890425[00000000]        mov dword [med], eax
   414 00000131 EB11                    jmp midDone
   415                                 
   416                                 oddLen:
   417 00000133 FFC0                    inc eax
   418 00000135 67448B0C85[00000000]      mov r9d, dword [lst+eax*4]
   419 0000013E 44890C25[00000000]      mov dword [med], r9d
   420                                 
   421                                 midDone:
   422                                 
   423 00000146 8B0425[00000000]        mov eax, dword [lst]
   424 0000014D 890425[00000000]        mov dword [min], eax
   425 00000154 48C7C600000000          mov rsi, 0
   426 0000015B 8B3425[00000000]        mov esi, dword [len]
   427 00000162 48FFCE                  dec rsi
   428 00000165 8B04B5[00000000]        mov eax, dword [lst+rsi*4]
   429 0000016C 890425[00000000]        mov dword [max], eax
   430                                 
   431                                 
   432                                 
   433                                 
   434                                 
   435                                 
   436                                 
   437 00000173 50                      push rax
   438                                 %line 391+0 ast07.asm
   439 00000174 57                      push rdi
   440 00000175 56                      push rsi
   441 00000176 52                      push rdx
   442 00000177 51                      push rcx
   443                                 
   444 00000178 48C7C200000000          mov rdx, 0
   445 0000017F 48C7C7[00000000]        mov rdi, hdr
   446                                 ..@4.countLoop:
   447 00000186 803F00                  cmp byte [rdi], NULL
   448 00000189 7406                    je ..@4.countLoopDone
   449 0000018B 48FFC7                  inc rdi
   450 0000018E 48FFC2                  inc rdx
   451 00000191 EBF1                    jmp ..@4.countLoop
   452                                 ..@4.countLoopDone:
   453                                 
   454 00000193 48C7C001000000          mov rax, SYS_write
   455 0000019A 48C7C701000000          mov rdi, STDOUT
   456 000001A1 48C7C6[00000000]        mov rsi, hdr
   457 000001A8 0F05                    syscall
   458                                 
   459 000001AA 59                      pop rcx
   460 000001AB 5A                      pop rdx
   461 000001AC 5E                      pop rsi
   462 000001AD 5F                      pop rdi
   463 000001AE 58                      pop rax
   464                                 %line 392+1 ast07.asm
   465                                 
   466 000001AF 50                      push rax
   467                                 %line 393+0 ast07.asm
   468 000001B0 57                      push rdi
   469 000001B1 56                      push rsi
   470 000001B2 52                      push rdx
   471 000001B3 51                      push rcx
   472                                 
   473 000001B4 48C7C200000000          mov rdx, 0
   474 000001BB 48C7C7[00000000]        mov rdi, lstMin
   475                                 ..@5.countLoop:
   476 000001C2 803F00                  cmp byte [rdi], NULL
   477 000001C5 7406                    je ..@5.countLoopDone
   478 000001C7 48FFC7                  inc rdi
   479 000001CA 48FFC2                  inc rdx
   480 000001CD EBF1                    jmp ..@5.countLoop
   481                                 ..@5.countLoopDone:
   482                                 
   483 000001CF 48C7C001000000          mov rax, SYS_write
   484 000001D6 48C7C701000000          mov rdi, STDOUT
   485 000001DD 48C7C6[00000000]        mov rsi, lstMin
   486 000001E4 0F05                    syscall
   487                                 
   488 000001E6 59                      pop rcx
   489 000001E7 5A                      pop rdx
   490 000001E8 5E                      pop rsi
   491 000001E9 5F                      pop rdi
   492 000001EA 58                      pop rax
   493                                 %line 394+1 ast07.asm
   494                                 
   495                                 %line 394+0 ast07.asm
   496 000001EB 50                      push rax
   497 000001EC 53                      push rbx
   498 000001ED 51                      push rcx
   499 000001EE 52                      push rdx
   500 000001EF 56                      push rsi
   501 000001F0 57                      push rdi
   502                                 
   503                                 
   504                                 
   505                                 
   506 000001F1 8B0425[00000000]        mov eax, dword [min]
   507                                 
   508 000001F8 49C7C6[00000000]        mov r14, tempString
   509 000001FF 48C7C700000000          mov rdi, 0
   510                                 
   511 00000206 48C7C200000000          mov rdx, 0
   512 0000020D 48C7C100000000          mov rcx, 0
   513                                 
   514                                 
   515 00000214 41C6043E2B              mov byte [r14+rdi], "+"
   516 00000219 83F800                  cmp eax, 0
   517 0000021C 7D0D                    jge ..@6.posNum
   518 0000021E 41C6043E2D              mov byte [r14+rdi], "-"
   519 00000223 49C7C1FFFFFFFF          mov r9, -1
   520 0000022A 41F7E9                  imul r9d
   521                                 ..@6.posNum:
   522 0000022D 48FFC7                  inc rdi
   523                                 
   524                                 ..@6.i2oLp:
   525 00000230 4883F800                cmp rax, 0
   526 00000234 740C                    je ..@6.exi2oLp
   527                                 
   528 00000236 BB08000000              mov ebx, 8
   529 0000023B 99                      cdq
   530 0000023C F7FB                    idiv ebx
   531                                 
   532 0000023E 52                      push rdx
   533 0000023F 48FFC1                  inc rcx
   534 00000242 EBEA                    jmp ..@6.i2oLp
   535                                 
   536                                 ..@6.exi2oLp:
   537                                 
   538                                 ..@6.popLoop:
   539 00000244 58                      pop rax
   540 00000245 0430                    add al, "0"
   541 00000247 4188043E                mov byte [r14+rdi], al
   542 0000024B 48FFC7                  inc rdi
   543 0000024E E2F2                    loop ..@6.popLoop
   544                                 
   545 00000250 41C6043E00             mov byte [r14+rdi], NULL
   546                                 
   547                                 
   548 00000255 5F                      pop rdi
   549 00000256 5E                      pop rsi
   550 00000257 5A                      pop rdx
   551 00000258 59                      pop rcx
   552 00000259 5B                      pop rbx
   553 0000025A 58                      pop rax
   554                                 
   555                                 %line 395+1 ast07.asm
   556 0000025B 50                      push rax
   557                                 %line 395+0 ast07.asm
   558 0000025C 57                      push rdi
   559 0000025D 56                      push rsi
   560 0000025E 52                      push rdx
   561 0000025F 51                      push rcx
   562                                 
   563 00000260 48C7C200000000          mov rdx, 0
   564 00000267 48C7C7[00000000]        mov rdi, tempString
   565                                 ..@7.countLoop:
   566 0000026E 803F00                  cmp byte [rdi], NULL
   567 00000271 7406                    je ..@7.countLoopDone
   568 00000273 48FFC7                  inc rdi
   569 00000276 48FFC2                  inc rdx
   570 00000279 EBF1                    jmp ..@7.countLoop
   571                                 ..@7.countLoopDone:
   572                                 
   573 0000027B 48C7C001000000          mov rax, SYS_write
   574 00000282 48C7C701000000          mov rdi, STDOUT
   575 00000289 48C7C6[00000000]        mov rsi, tempString
   576 00000290 0F05                    syscall
   577                                 
   578 00000292 59                      pop rcx
   579 00000293 5A                      pop rdx
   580 00000294 5E                      pop rsi
   581 00000295 5F                      pop rdi
   582 00000296 58                      pop rax
   583                                 %line 396+1 ast07.asm
   584 00000297 50                      push rax
   585                                 %line 396+0 ast07.asm
   586 00000298 57                      push rdi
   587 00000299 56                      push rsi
   588 0000029A 52                      push rdx
   589 0000029B 51                      push rcx
   590                                 
   591 0000029C 48C7C200000000          mov rdx, 0
   592 000002A3 48C7C7[00000000]        mov rdi, newLine
   593                                 ..@8.countLoop:
   594 000002AA 803F00                  cmp byte [rdi], NULL
   595 000002AD 7406                    je ..@8.countLoopDone
   596 000002AF 48FFC7                  inc rdi
   597 000002B2 48FFC2                  inc rdx
   598 000002B5 EBF1                    jmp ..@8.countLoop
   599                                 ..@8.countLoopDone:
   600                                 
   601 000002B7 48C7C001000000          mov rax, SYS_write
   602 000002BE 48C7C701000000          mov rdi, STDOUT
   603 000002C5 48C7C6[00000000]        mov rsi, newLine
   604 000002CC 0F05                    syscall
   605                                 
   606 000002CE 59                      pop rcx
   607 000002CF 5A                      pop rdx
   608 000002D0 5E                      pop rsi
   609 000002D1 5F                      pop rdi
   610 000002D2 58                      pop rax
   611                                 %line 397+1 ast07.asm
   612                                 
   613 000002D3 50                      push rax
   614                                 %line 398+0 ast07.asm
   615 000002D4 57                      push rdi
   616 000002D5 56                      push rsi
   617 000002D6 52                      push rdx
   618 000002D7 51                      push rcx
   619                                 
   620 000002D8 48C7C200000000          mov rdx, 0
   621 000002DF 48C7C7[00000000]        mov rdi, lstMed
   622                                 ..@9.countLoop:
   623 000002E6 803F00                  cmp byte [rdi], NULL
   624 000002E9 7406                    je ..@9.countLoopDone
   625 000002EB 48FFC7                  inc rdi
   626 000002EE 48FFC2                  inc rdx
   627 000002F1 EBF1                    jmp ..@9.countLoop
   628                                 ..@9.countLoopDone:
   629                                 
   630 000002F3 48C7C001000000          mov rax, SYS_write
   631 000002FA 48C7C701000000          mov rdi, STDOUT
   632 00000301 48C7C6[00000000]        mov rsi, lstMed
   633 00000308 0F05                    syscall
   634                                 
   635 0000030A 59                      pop rcx
   636 0000030B 5A                      pop rdx
   637 0000030C 5E                      pop rsi
   638 0000030D 5F                      pop rdi
   639 0000030E 58                      pop rax
   640                                 %line 399+1 ast07.asm
   641                                 
   642                                 %line 399+0 ast07.asm
   643 0000030F 50                      push rax
   644 00000310 53                      push rbx
   645 00000311 51                      push rcx
   646 00000312 52                      push rdx
   647 00000313 56                      push rsi
   648 00000314 57                      push rdi
   649                                 
   650                                 
   651                                 
   652                                 
   653 00000315 8B0425[00000000]        mov eax, dword [med]
   654                                 
   655 0000031C 49C7C6[00000000]        mov r14, tempString
   656 00000323 48C7C700000000          mov rdi, 0
   657                                 
   658 0000032A 48C7C200000000          mov rdx, 0
   659 00000331 48C7C100000000          mov rcx, 0
   660                                 
   661                                 
   662 00000338 41C6043E2B              mov byte [r14+rdi], "+"
   663 0000033D 83F800                  cmp eax, 0
   664 00000340 7D0D                    jge ..@10.posNum
   665 00000342 41C6043E2D              mov byte [r14+rdi], "-"
   666 00000347 49C7C1FFFFFFFF          mov r9, -1
   667 0000034E 41F7E9                  imul r9d
   668                                 ..@10.posNum:
   669 00000351 48FFC7                  inc rdi
   670                                 
   671                                 ..@10.i2oLp:
   672 00000354 4883F800                cmp rax, 0
   673 00000358 740C                    je ..@10.exi2oLp
   674                                 
   675 0000035A BB08000000              mov ebx, 8
   676 0000035F 99                      cdq
   677 00000360 F7FB                    idiv ebx
   678                                 
   679 00000362 52                      push rdx
   680 00000363 48FFC1                  inc rcx
   681 00000366 EBEA                    jmp ..@10.i2oLp
   682                                 
   683                                 ..@10.exi2oLp:
   684                                 
   685                                 ..@10.popLoop:
   686 00000368 58                      pop rax
   687 00000369 0430                    add al, "0"
   688 0000036B 4188043E                mov byte [r14+rdi], al
   689 0000036F 48FFC7                  inc rdi
   690 00000372 E2F2                    loop ..@10.popLoop
   691                                 
   692 00000374 41C6043E00             mov byte [r14+rdi], NULL
   693                                 
   694                                 
   695 00000379 5F                      pop rdi
   696 0000037A 5E                      pop rsi
   697 0000037B 5A                      pop rdx
   698 0000037C 59                      pop rcx
   699 0000037D 5B                      pop rbx
   700 0000037E 58                      pop rax
   701                                 
   702                                 %line 400+1 ast07.asm
   703 0000037F 50                      push rax
   704                                 %line 400+0 ast07.asm
   705 00000380 57                      push rdi
   706 00000381 56                      push rsi
   707 00000382 52                      push rdx
   708 00000383 51                      push rcx
   709                                 
   710 00000384 48C7C200000000          mov rdx, 0
   711 0000038B 48C7C7[00000000]        mov rdi, tempString
   712                                 ..@11.countLoop:
   713 00000392 803F00                  cmp byte [rdi], NULL
   714 00000395 7406                    je ..@11.countLoopDone
   715 00000397 48FFC7                  inc rdi
   716 0000039A 48FFC2                  inc rdx
   717 0000039D EBF1                    jmp ..@11.countLoop
   718                                 ..@11.countLoopDone:
   719                                 
   720 0000039F 48C7C001000000          mov rax, SYS_write
   721 000003A6 48C7C701000000          mov rdi, STDOUT
   722 000003AD 48C7C6[00000000]        mov rsi, tempString
   723 000003B4 0F05                    syscall
   724                                 
   725 000003B6 59                      pop rcx
   726 000003B7 5A                      pop rdx
   727 000003B8 5E                      pop rsi
   728 000003B9 5F                      pop rdi
   729 000003BA 58                      pop rax
   730                                 %line 401+1 ast07.asm
   731 000003BB 50                      push rax
   732                                 %line 401+0 ast07.asm
   733 000003BC 57                      push rdi
   734 000003BD 56                      push rsi
   735 000003BE 52                      push rdx
   736 000003BF 51                      push rcx
   737                                 
   738 000003C0 48C7C200000000          mov rdx, 0
   739 000003C7 48C7C7[00000000]        mov rdi, newLine
   740                                 ..@12.countLoop:
   741 000003CE 803F00                  cmp byte [rdi], NULL
   742 000003D1 7406                    je ..@12.countLoopDone
   743 000003D3 48FFC7                  inc rdi
   744 000003D6 48FFC2                  inc rdx
   745 000003D9 EBF1                    jmp ..@12.countLoop
   746                                 ..@12.countLoopDone:
   747                                 
   748 000003DB 48C7C001000000          mov rax, SYS_write
   749 000003E2 48C7C701000000          mov rdi, STDOUT
   750 000003E9 48C7C6[00000000]        mov rsi, newLine
   751 000003F0 0F05                    syscall
   752                                 
   753 000003F2 59                      pop rcx
   754 000003F3 5A                      pop rdx
   755 000003F4 5E                      pop rsi
   756 000003F5 5F                      pop rdi
   757 000003F6 58                      pop rax
   758                                 %line 402+1 ast07.asm
   759                                 
   760 000003F7 50                      push rax
   761                                 %line 403+0 ast07.asm
   762 000003F8 57                      push rdi
   763 000003F9 56                      push rsi
   764 000003FA 52                      push rdx
   765 000003FB 51                      push rcx
   766                                 
   767 000003FC 48C7C200000000          mov rdx, 0
   768 00000403 48C7C7[00000000]        mov rdi, lstMax
   769                                 ..@13.countLoop:
   770 0000040A 803F00                  cmp byte [rdi], NULL
   771 0000040D 7406                    je ..@13.countLoopDone
   772 0000040F 48FFC7                  inc rdi
   773 00000412 48FFC2                  inc rdx
   774 00000415 EBF1                    jmp ..@13.countLoop
   775                                 ..@13.countLoopDone:
   776                                 
   777 00000417 48C7C001000000          mov rax, SYS_write
   778 0000041E 48C7C701000000          mov rdi, STDOUT
   779 00000425 48C7C6[00000000]        mov rsi, lstMax
   780 0000042C 0F05                    syscall
   781                                 
   782 0000042E 59                      pop rcx
   783 0000042F 5A                      pop rdx
   784 00000430 5E                      pop rsi
   785 00000431 5F                      pop rdi
   786 00000432 58                      pop rax
   787                                 %line 404+1 ast07.asm
   788                                 
   789                                 %line 404+0 ast07.asm
   790 00000433 50                      push rax
   791 00000434 53                      push rbx
   792 00000435 51                      push rcx
   793 00000436 52                      push rdx
   794 00000437 56                      push rsi
   795 00000438 57                      push rdi
   796                                 
   797                                 
   798                                 
   799                                 
   800 00000439 8B0425[00000000]        mov eax, dword [max]
   801                                 
   802 00000440 49C7C6[00000000]        mov r14, tempString
   803 00000447 48C7C700000000          mov rdi, 0
   804                                 
   805 0000044E 48C7C200000000          mov rdx, 0
   806 00000455 48C7C100000000          mov rcx, 0
   807                                 
   808                                 
   809 0000045C 41C6043E2B              mov byte [r14+rdi], "+"
   810 00000461 83F800                  cmp eax, 0
   811 00000464 7D0D                    jge ..@14.posNum
   812 00000466 41C6043E2D              mov byte [r14+rdi], "-"
   813 0000046B 49C7C1FFFFFFFF          mov r9, -1
   814 00000472 41F7E9                  imul r9d
   815                                 ..@14.posNum:
   816 00000475 48FFC7                  inc rdi
   817                                 
   818                                 ..@14.i2oLp:
   819 00000478 4883F800                cmp rax, 0
   820 0000047C 740C                    je ..@14.exi2oLp
   821                                 
   822 0000047E BB08000000              mov ebx, 8
   823 00000483 99                      cdq
   824 00000484 F7FB                    idiv ebx
   825                                 
   826 00000486 52                      push rdx
   827 00000487 48FFC1                  inc rcx
   828 0000048A EBEA                    jmp ..@14.i2oLp
   829                                 
   830                                 ..@14.exi2oLp:
   831                                 
   832                                 ..@14.popLoop:
   833 0000048C 58                      pop rax
   834 0000048D 0430                    add al, "0"
   835 0000048F 4188043E                mov byte [r14+rdi], al
   836 00000493 48FFC7                  inc rdi
   837 00000496 E2F2                    loop ..@14.popLoop
   838                                 
   839 00000498 41C6043E00             mov byte [r14+rdi], NULL
   840                                 
   841                                 
   842 0000049D 5F                      pop rdi
   843 0000049E 5E                      pop rsi
   844 0000049F 5A                      pop rdx
   845 000004A0 59                      pop rcx
   846 000004A1 5B                      pop rbx
   847 000004A2 58                      pop rax
   848                                 
   849                                 %line 405+1 ast07.asm
   850 000004A3 50                      push rax
   851                                 %line 405+0 ast07.asm
   852 000004A4 57                      push rdi
   853 000004A5 56                      push rsi
   854 000004A6 52                      push rdx
   855 000004A7 51                      push rcx
   856                                 
   857 000004A8 48C7C200000000          mov rdx, 0
   858 000004AF 48C7C7[00000000]        mov rdi, tempString
   859                                 ..@15.countLoop:
   860 000004B6 803F00                  cmp byte [rdi], NULL
   861 000004B9 7406                    je ..@15.countLoopDone
   862 000004BB 48FFC7                  inc rdi
   863 000004BE 48FFC2                  inc rdx
   864 000004C1 EBF1                    jmp ..@15.countLoop
   865                                 ..@15.countLoopDone:
   866                                 
   867 000004C3 48C7C001000000          mov rax, SYS_write
   868 000004CA 48C7C701000000          mov rdi, STDOUT
   869 000004D1 48C7C6[00000000]        mov rsi, tempString
   870 000004D8 0F05                    syscall
   871                                 
   872 000004DA 59                      pop rcx
   873 000004DB 5A                      pop rdx
   874 000004DC 5E                      pop rsi
   875 000004DD 5F                      pop rdi
   876 000004DE 58                      pop rax
   877                                 %line 406+1 ast07.asm
   878 000004DF 50                      push rax
   879                                 %line 406+0 ast07.asm
   880 000004E0 57                      push rdi
   881 000004E1 56                      push rsi
   882 000004E2 52                      push rdx
   883 000004E3 51                      push rcx
   884                                 
   885 000004E4 48C7C200000000          mov rdx, 0
   886 000004EB 48C7C7[00000000]        mov rdi, newLine
   887                                 ..@16.countLoop:
   888 000004F2 803F00                  cmp byte [rdi], NULL
   889 000004F5 7406                    je ..@16.countLoopDone
   890 000004F7 48FFC7                  inc rdi
   891 000004FA 48FFC2                  inc rdx
   892 000004FD EBF1                    jmp ..@16.countLoop
   893                                 ..@16.countLoopDone:
   894                                 
   895 000004FF 48C7C001000000          mov rax, SYS_write
   896 00000506 48C7C701000000          mov rdi, STDOUT
   897 0000050D 48C7C6[00000000]        mov rsi, newLine
   898 00000514 0F05                    syscall
   899                                 
   900 00000516 59                      pop rcx
   901 00000517 5A                      pop rdx
   902 00000518 5E                      pop rsi
   903 00000519 5F                      pop rdi
   904 0000051A 58                      pop rax
   905                                 %line 407+1 ast07.asm
   906                                 
   907 0000051B 50                      push rax
   908                                 %line 408+0 ast07.asm
   909 0000051C 57                      push rdi
   910 0000051D 56                      push rsi
   911 0000051E 52                      push rdx
   912 0000051F 51                      push rcx
   913                                 
   914 00000520 48C7C200000000          mov rdx, 0
   915 00000527 48C7C7[00000000]        mov rdi, lstSum
   916                                 ..@17.countLoop:
   917 0000052E 803F00                  cmp byte [rdi], NULL
   918 00000531 7406                    je ..@17.countLoopDone
   919 00000533 48FFC7                  inc rdi
   920 00000536 48FFC2                  inc rdx
   921 00000539 EBF1                    jmp ..@17.countLoop
   922                                 ..@17.countLoopDone:
   923                                 
   924 0000053B 48C7C001000000          mov rax, SYS_write
   925 00000542 48C7C701000000          mov rdi, STDOUT
   926 00000549 48C7C6[00000000]        mov rsi, lstSum
   927 00000550 0F05                    syscall
   928                                 
   929 00000552 59                      pop rcx
   930 00000553 5A                      pop rdx
   931 00000554 5E                      pop rsi
   932 00000555 5F                      pop rdi
   933 00000556 58                      pop rax
   934                                 %line 409+1 ast07.asm
   935                                 
   936                                 %line 409+0 ast07.asm
   937 00000557 50                      push rax
   938 00000558 53                      push rbx
   939 00000559 51                      push rcx
   940 0000055A 52                      push rdx
   941 0000055B 56                      push rsi
   942 0000055C 57                      push rdi
   943                                 
   944                                 
   945                                 
   946                                 
   947 0000055D 8B0425[00000000]        mov eax, dword [sum]
   948                                 
   949 00000564 49C7C6[00000000]        mov r14, tempString
   950 0000056B 48C7C700000000          mov rdi, 0
   951                                 
   952 00000572 48C7C200000000          mov rdx, 0
   953 00000579 48C7C100000000          mov rcx, 0
   954                                 
   955                                 
   956 00000580 41C6043E2B              mov byte [r14+rdi], "+"
   957 00000585 83F800                  cmp eax, 0
   958 00000588 7D0D                    jge ..@18.posNum
   959 0000058A 41C6043E2D              mov byte [r14+rdi], "-"
   960 0000058F 49C7C1FFFFFFFF          mov r9, -1
   961 00000596 41F7E9                  imul r9d
   962                                 ..@18.posNum:
   963 00000599 48FFC7                  inc rdi
   964                                 
   965                                 ..@18.i2oLp:
   966 0000059C 4883F800                cmp rax, 0
   967 000005A0 740C                    je ..@18.exi2oLp
   968                                 
   969 000005A2 BB08000000              mov ebx, 8
   970 000005A7 99                      cdq
   971 000005A8 F7FB                    idiv ebx
   972                                 
   973 000005AA 52                      push rdx
   974 000005AB 48FFC1                  inc rcx
   975 000005AE EBEA                    jmp ..@18.i2oLp
   976                                 
   977                                 ..@18.exi2oLp:
   978                                 
   979                                 ..@18.popLoop:
   980 000005B0 58                      pop rax
   981 000005B1 0430                    add al, "0"
   982 000005B3 4188043E                mov byte [r14+rdi], al
   983 000005B7 48FFC7                  inc rdi
   984 000005BA E2F2                    loop ..@18.popLoop
   985                                 
   986 000005BC 41C6043E00             mov byte [r14+rdi], NULL
   987                                 
   988                                 
   989 000005C1 5F                      pop rdi
   990 000005C2 5E                      pop rsi
   991 000005C3 5A                      pop rdx
   992 000005C4 59                      pop rcx
   993 000005C5 5B                      pop rbx
   994 000005C6 58                      pop rax
   995                                 
   996                                 %line 410+1 ast07.asm
   997 000005C7 50                      push rax
   998                                 %line 410+0 ast07.asm
   999 000005C8 57                      push rdi
  1000 000005C9 56                      push rsi
  1001 000005CA 52                      push rdx
  1002 000005CB 51                      push rcx
  1003                                 
  1004 000005CC 48C7C200000000          mov rdx, 0
  1005 000005D3 48C7C7[00000000]        mov rdi, tempString
  1006                                 ..@19.countLoop:
  1007 000005DA 803F00                  cmp byte [rdi], NULL
  1008 000005DD 7406                    je ..@19.countLoopDone
  1009 000005DF 48FFC7                  inc rdi
  1010 000005E2 48FFC2                  inc rdx
  1011 000005E5 EBF1                    jmp ..@19.countLoop
  1012                                 ..@19.countLoopDone:
  1013                                 
  1014 000005E7 48C7C001000000          mov rax, SYS_write
  1015 000005EE 48C7C701000000          mov rdi, STDOUT
  1016 000005F5 48C7C6[00000000]        mov rsi, tempString
  1017 000005FC 0F05                    syscall
  1018                                 
  1019 000005FE 59                      pop rcx
  1020 000005FF 5A                      pop rdx
  1021 00000600 5E                      pop rsi
  1022 00000601 5F                      pop rdi
  1023 00000602 58                      pop rax
  1024                                 %line 411+1 ast07.asm
  1025 00000603 50                      push rax
  1026                                 %line 411+0 ast07.asm
  1027 00000604 57                      push rdi
  1028 00000605 56                      push rsi
  1029 00000606 52                      push rdx
  1030 00000607 51                      push rcx
  1031                                 
  1032 00000608 48C7C200000000          mov rdx, 0
  1033 0000060F 48C7C7[00000000]        mov rdi, newLine
  1034                                 ..@20.countLoop:
  1035 00000616 803F00                  cmp byte [rdi], NULL
  1036 00000619 7406                    je ..@20.countLoopDone
  1037 0000061B 48FFC7                  inc rdi
  1038 0000061E 48FFC2                  inc rdx
  1039 00000621 EBF1                    jmp ..@20.countLoop
  1040                                 ..@20.countLoopDone:
  1041                                 
  1042 00000623 48C7C001000000          mov rax, SYS_write
  1043 0000062A 48C7C701000000          mov rdi, STDOUT
  1044 00000631 48C7C6[00000000]        mov rsi, newLine
  1045 00000638 0F05                    syscall
  1046                                 
  1047 0000063A 59                      pop rcx
  1048 0000063B 5A                      pop rdx
  1049 0000063C 5E                      pop rsi
  1050 0000063D 5F                      pop rdi
  1051 0000063E 58                      pop rax
  1052                                 %line 412+1 ast07.asm
  1053                                 
  1054 0000063F 50                      push rax
  1055                                 %line 413+0 ast07.asm
  1056 00000640 57                      push rdi
  1057 00000641 56                      push rsi
  1058 00000642 52                      push rdx
  1059 00000643 51                      push rcx
  1060                                 
  1061 00000644 48C7C200000000          mov rdx, 0
  1062 0000064B 48C7C7[00000000]        mov rdi, lstAve
  1063                                 ..@21.countLoop:
  1064 00000652 803F00                  cmp byte [rdi], NULL
  1065 00000655 7406                    je ..@21.countLoopDone
  1066 00000657 48FFC7                  inc rdi
  1067 0000065A 48FFC2                  inc rdx
  1068 0000065D EBF1                    jmp ..@21.countLoop
  1069                                 ..@21.countLoopDone:
  1070                                 
  1071 0000065F 48C7C001000000          mov rax, SYS_write
  1072 00000666 48C7C701000000          mov rdi, STDOUT
  1073 0000066D 48C7C6[00000000]        mov rsi, lstAve
  1074 00000674 0F05                    syscall
  1075                                 
  1076 00000676 59                      pop rcx
  1077 00000677 5A                      pop rdx
  1078 00000678 5E                      pop rsi
  1079 00000679 5F                      pop rdi
  1080 0000067A 58                      pop rax
  1081                                 %line 414+1 ast07.asm
  1082                                 
  1083                                 %line 414+0 ast07.asm
  1084 0000067B 50                      push rax
  1085 0000067C 53                      push rbx
  1086 0000067D 51                      push rcx
  1087 0000067E 52                      push rdx
  1088 0000067F 56                      push rsi
  1089 00000680 57                      push rdi
  1090                                 
  1091                                 
  1092                                 
  1093                                 
  1094 00000681 8B0425[00000000]        mov eax, dword [avg]
  1095                                 
  1096 00000688 49C7C6[00000000]        mov r14, tempString
  1097 0000068F 48C7C700000000          mov rdi, 0
  1098                                 
  1099 00000696 48C7C200000000          mov rdx, 0
  1100 0000069D 48C7C100000000          mov rcx, 0
  1101                                 
  1102                                 
  1103 000006A4 41C6043E2B              mov byte [r14+rdi], "+"
  1104 000006A9 83F800                  cmp eax, 0
  1105 000006AC 7D0D                    jge ..@22.posNum
  1106 000006AE 41C6043E2D              mov byte [r14+rdi], "-"
  1107 000006B3 49C7C1FFFFFFFF          mov r9, -1
  1108 000006BA 41F7E9                  imul r9d
  1109                                 ..@22.posNum:
  1110 000006BD 48FFC7                  inc rdi
  1111                                 
  1112                                 ..@22.i2oLp:
  1113 000006C0 4883F800                cmp rax, 0
  1114 000006C4 740C                    je ..@22.exi2oLp
  1115                                 
  1116 000006C6 BB08000000              mov ebx, 8
  1117 000006CB 99                      cdq
  1118 000006CC F7FB                    idiv ebx
  1119                                 
  1120 000006CE 52                      push rdx
  1121 000006CF 48FFC1                  inc rcx
  1122 000006D2 EBEA                    jmp ..@22.i2oLp
  1123                                 
  1124                                 ..@22.exi2oLp:
  1125                                 
  1126                                 ..@22.popLoop:
  1127 000006D4 58                      pop rax
  1128 000006D5 0430                    add al, "0"
  1129 000006D7 4188043E                mov byte [r14+rdi], al
  1130 000006DB 48FFC7                  inc rdi
  1131 000006DE E2F2                    loop ..@22.popLoop
  1132                                 
  1133 000006E0 41C6043E00             mov byte [r14+rdi], NULL
  1134                                 
  1135                                 
  1136 000006E5 5F                      pop rdi
  1137 000006E6 5E                      pop rsi
  1138 000006E7 5A                      pop rdx
  1139 000006E8 59                      pop rcx
  1140 000006E9 5B                      pop rbx
  1141 000006EA 58                      pop rax
  1142                                 
  1143                                 %line 415+1 ast07.asm
  1144 000006EB 50                      push rax
  1145                                 %line 415+0 ast07.asm
  1146 000006EC 57                      push rdi
  1147 000006ED 56                      push rsi
  1148 000006EE 52                      push rdx
  1149 000006EF 51                      push rcx
  1150                                 
  1151 000006F0 48C7C200000000          mov rdx, 0
  1152 000006F7 48C7C7[00000000]        mov rdi, tempString
  1153                                 ..@23.countLoop:
  1154 000006FE 803F00                  cmp byte [rdi], NULL
  1155 00000701 7406                    je ..@23.countLoopDone
  1156 00000703 48FFC7                  inc rdi
  1157 00000706 48FFC2                  inc rdx
  1158 00000709 EBF1                    jmp ..@23.countLoop
  1159                                 ..@23.countLoopDone:
  1160                                 
  1161 0000070B 48C7C001000000          mov rax, SYS_write
  1162 00000712 48C7C701000000          mov rdi, STDOUT
  1163 00000719 48C7C6[00000000]        mov rsi, tempString
  1164 00000720 0F05                    syscall
  1165                                 
  1166 00000722 59                      pop rcx
  1167 00000723 5A                      pop rdx
  1168 00000724 5E                      pop rsi
  1169 00000725 5F                      pop rdi
  1170 00000726 58                      pop rax
  1171                                 %line 416+1 ast07.asm
  1172 00000727 50                      push rax
  1173                                 %line 416+0 ast07.asm
  1174 00000728 57                      push rdi
  1175 00000729 56                      push rsi
  1176 0000072A 52                      push rdx
  1177 0000072B 51                      push rcx
  1178                                 
  1179 0000072C 48C7C200000000          mov rdx, 0
  1180 00000733 48C7C7[00000000]        mov rdi, newLine
  1181                                 ..@24.countLoop:
  1182 0000073A 803F00                  cmp byte [rdi], NULL
  1183 0000073D 7406                    je ..@24.countLoopDone
  1184 0000073F 48FFC7                  inc rdi
  1185 00000742 48FFC2                  inc rdx
  1186 00000745 EBF1                    jmp ..@24.countLoop
  1187                                 ..@24.countLoopDone:
  1188                                 
  1189 00000747 48C7C001000000          mov rax, SYS_write
  1190 0000074E 48C7C701000000          mov rdi, STDOUT
  1191 00000755 48C7C6[00000000]        mov rsi, newLine
  1192 0000075C 0F05                    syscall
  1193                                 
  1194 0000075E 59                      pop rcx
  1195 0000075F 5A                      pop rdx
  1196 00000760 5E                      pop rsi
  1197 00000761 5F                      pop rdi
  1198 00000762 58                      pop rax
  1199                                 %line 417+1 ast07.asm
  1200                                 
  1201 00000763 50                      push rax
  1202                                 %line 418+0 ast07.asm
  1203 00000764 57                      push rdi
  1204 00000765 56                      push rsi
  1205 00000766 52                      push rdx
  1206 00000767 51                      push rcx
  1207                                 
  1208 00000768 48C7C200000000          mov rdx, 0
  1209 0000076F 48C7C7[00000000]        mov rdi, newLine
  1210                                 ..@25.countLoop:
  1211 00000776 803F00                  cmp byte [rdi], NULL
  1212 00000779 7406                    je ..@25.countLoopDone
  1213 0000077B 48FFC7                  inc rdi
  1214 0000077E 48FFC2                  inc rdx
  1215 00000781 EBF1                    jmp ..@25.countLoop
  1216                                 ..@25.countLoopDone:
  1217                                 
  1218 00000783 48C7C001000000          mov rax, SYS_write
  1219 0000078A 48C7C701000000          mov rdi, STDOUT
  1220 00000791 48C7C6[00000000]        mov rsi, newLine
  1221 00000798 0F05                    syscall
  1222                                 
  1223 0000079A 59                      pop rcx
  1224 0000079B 5A                      pop rdx
  1225 0000079C 5E                      pop rsi
  1226 0000079D 5F                      pop rdi
  1227 0000079E 58                      pop rax
  1228                                 %line 419+1 ast07.asm
  1229                                 
  1230                                 
  1231                                 
  1232                                 
  1233                                 last:
  1234 0000079F 48C7C03C000000          mov rax, SYS_exit
  1235 000007A6 48C7C700000000          mov rdi, EXIT_SUCCESS
  1236 000007AD 0F05                    syscall
  1237                                 
